{"/Users/davidmongiello/Desktop/bonis/Bonis/server.js":{"path":"/Users/davidmongiello/Desktop/bonis/Bonis/server.js","s":{"1":1,"2":2,"3":2,"4":2,"5":2,"6":2,"7":2,"8":2,"9":2,"10":2,"11":2,"12":2,"13":2,"14":2,"15":2,"16":2,"17":2,"18":2,"19":2,"20":2,"21":2,"22":2,"23":2,"24":2,"25":2,"26":2},"b":{},"f":{"1":2},"fnMap":{"1":{"name":"makeServer","line":5,"loc":{"start":{"line":5,"column":0},"end":{"line":5,"column":26}}}},"statementMap":{"1":{"start":{"line":5,"column":0},"end":{"line":54,"column":1}},"2":{"start":{"line":6,"column":0},"end":{"line":6,"column":34}},"3":{"start":{"line":7,"column":0},"end":{"line":7,"column":42}},"4":{"start":{"line":8,"column":0},"end":{"line":8,"column":44}},"5":{"start":{"line":9,"column":0},"end":{"line":9,"column":40}},"6":{"start":{"line":10,"column":0},"end":{"line":10,"column":31}},"7":{"start":{"line":11,"column":0},"end":{"line":11,"column":25}},"8":{"start":{"line":14,"column":0},"end":{"line":14,"column":35}},"9":{"start":{"line":15,"column":0},"end":{"line":15,"column":40}},"10":{"start":{"line":16,"column":0},"end":{"line":16,"column":35}},"11":{"start":{"line":17,"column":0},"end":{"line":17,"column":37}},"12":{"start":{"line":23,"column":0},"end":{"line":23,"column":39}},"13":{"start":{"line":27,"column":0},"end":{"line":27,"column":23}},"14":{"start":{"line":28,"column":0},"end":{"line":28,"column":24}},"15":{"start":{"line":29,"column":0},"end":{"line":31,"column":4}},"16":{"start":{"line":32,"column":0},"end":{"line":32,"column":27}},"17":{"start":{"line":34,"column":0},"end":{"line":34,"column":30}},"18":{"start":{"line":37,"column":0},"end":{"line":41,"column":6}},"19":{"start":{"line":42,"column":0},"end":{"line":42,"column":31}},"20":{"start":{"line":43,"column":0},"end":{"line":43,"column":28}},"21":{"start":{"line":44,"column":0},"end":{"line":44,"column":17}},"22":{"start":{"line":47,"column":0},"end":{"line":47,"column":42}},"23":{"start":{"line":50,"column":0},"end":{"line":50,"column":30}},"24":{"start":{"line":51,"column":0},"end":{"line":51,"column":49}},"25":{"start":{"line":53,"column":4},"end":{"line":53,"column":15}},"26":{"start":{"line":55,"column":0},"end":{"line":55,"column":28}}},"branchMap":{}},"/Users/davidmongiello/Desktop/bonis/Bonis/config/passport.js":{"path":"/Users/davidmongiello/Desktop/bonis/Bonis/config/passport.js","s":{"1":1,"2":1,"3":1,"4":1,"5":1,"6":1,"7":1,"8":2,"9":0,"10":2,"11":0,"12":0,"13":2,"14":0,"15":0,"16":0,"17":0,"18":0,"19":0,"20":0,"21":0,"22":0,"23":0,"24":2,"25":0,"26":0,"27":0,"28":0,"29":0,"30":0,"31":0,"32":0},"b":{"1":[0,0],"2":[0,0],"3":[0,0],"4":[0,0],"5":[0,0]},"f":{"1":2,"2":0,"3":0,"4":0,"5":0,"6":0,"7":0,"8":0,"9":0},"fnMap":{"1":{"name":"(anonymous_1)","line":14,"loc":{"start":{"line":14,"column":17},"end":{"line":14,"column":36}}},"2":{"name":"(anonymous_2)","line":23,"loc":{"start":{"line":23,"column":27},"end":{"line":23,"column":48}}},"3":{"name":"(anonymous_3)","line":28,"loc":{"start":{"line":28,"column":29},"end":{"line":28,"column":48}}},"4":{"name":"(anonymous_4)","line":29,"loc":{"start":{"line":29,"column":67},"end":{"line":29,"column":86}}},"5":{"name":"(anonymous_5)","line":48,"loc":{"start":{"line":48,"column":8},"end":{"line":48,"column":48}}},"6":{"name":"(anonymous_6)","line":51,"loc":{"start":{"line":51,"column":82},"end":{"line":51,"column":102}}},"7":{"name":"(anonymous_7)","line":66,"loc":{"start":{"line":66,"column":96},"end":{"line":66,"column":116}}},"8":{"name":"(anonymous_8)","line":90,"loc":{"start":{"line":90,"column":8},"end":{"line":90,"column":48}}},"9":{"name":"(anonymous_9)","line":91,"loc":{"start":{"line":91,"column":82},"end":{"line":91,"column":101}}}},"statementMap":{"1":{"start":{"line":4,"column":0},"end":{"line":4,"column":57}},"2":{"start":{"line":7,"column":0},"end":{"line":7,"column":29}},"3":{"start":{"line":8,"column":0},"end":{"line":8,"column":38}},"4":{"start":{"line":9,"column":0},"end":{"line":9,"column":37}},"5":{"start":{"line":10,"column":0},"end":{"line":10,"column":61}},"6":{"start":{"line":12,"column":0},"end":{"line":12,"column":45}},"7":{"start":{"line":14,"column":0},"end":{"line":107,"column":2}},"8":{"start":{"line":23,"column":4},"end":{"line":25,"column":7}},"9":{"start":{"line":24,"column":8},"end":{"line":24,"column":28}},"10":{"start":{"line":28,"column":4},"end":{"line":32,"column":7}},"11":{"start":{"line":29,"column":8},"end":{"line":31,"column":11}},"12":{"start":{"line":30,"column":12},"end":{"line":30,"column":31}},"13":{"start":{"line":40,"column":4},"end":{"line":74,"column":6}},"14":{"start":{"line":51,"column":12},"end":{"line":72,"column":15}},"15":{"start":{"line":52,"column":16},"end":{"line":53,"column":37}},"16":{"start":{"line":53,"column":20},"end":{"line":53,"column":37}},"17":{"start":{"line":54,"column":16},"end":{"line":71,"column":17}},"18":{"start":{"line":55,"column":20},"end":{"line":55,"column":108}},"19":{"start":{"line":59,"column":20},"end":{"line":62,"column":22}},"20":{"start":{"line":64,"column":20},"end":{"line":64,"column":94}},"21":{"start":{"line":66,"column":20},"end":{"line":70,"column":23}},"22":{"start":{"line":67,"column":24},"end":{"line":67,"column":56}},"23":{"start":{"line":69,"column":24},"end":{"line":69,"column":56}},"24":{"start":{"line":82,"column":4},"end":{"line":106,"column":6}},"25":{"start":{"line":91,"column":12},"end":{"line":104,"column":15}},"26":{"start":{"line":92,"column":16},"end":{"line":93,"column":37}},"27":{"start":{"line":93,"column":20},"end":{"line":93,"column":37}},"28":{"start":{"line":94,"column":16},"end":{"line":96,"column":17}},"29":{"start":{"line":95,"column":20},"end":{"line":95,"column":90}},"30":{"start":{"line":99,"column":16},"end":{"line":100,"column":97}},"31":{"start":{"line":100,"column":20},"end":{"line":100,"column":97}},"32":{"start":{"line":103,"column":16},"end":{"line":103,"column":43}}},"branchMap":{"1":{"line":52,"type":"if","locations":[{"start":{"line":52,"column":16},"end":{"line":52,"column":16}},{"start":{"line":52,"column":16},"end":{"line":52,"column":16}}]},"2":{"line":54,"type":"if","locations":[{"start":{"line":54,"column":16},"end":{"line":54,"column":16}},{"start":{"line":54,"column":16},"end":{"line":54,"column":16}}]},"3":{"line":92,"type":"if","locations":[{"start":{"line":92,"column":16},"end":{"line":92,"column":16}},{"start":{"line":92,"column":16},"end":{"line":92,"column":16}}]},"4":{"line":94,"type":"if","locations":[{"start":{"line":94,"column":16},"end":{"line":94,"column":16}},{"start":{"line":94,"column":16},"end":{"line":94,"column":16}}]},"5":{"line":99,"type":"if","locations":[{"start":{"line":99,"column":16},"end":{"line":99,"column":16}},{"start":{"line":99,"column":16},"end":{"line":99,"column":16}}]}}},"/Users/davidmongiello/Desktop/bonis/Bonis/config/database.js":{"path":"/Users/davidmongiello/Desktop/bonis/Bonis/config/database.js","s":{"1":1},"b":{},"f":{},"fnMap":{},"statementMap":{"1":{"start":{"line":2,"column":0},"end":{"line":10,"column":2}}},"branchMap":{}},"/Users/davidmongiello/Desktop/bonis/Bonis/app/routes.js":{"path":"/Users/davidmongiello/Desktop/bonis/Bonis/app/routes.js","s":{"1":1,"2":2,"3":1,"4":2,"5":0,"6":2,"7":0,"8":0,"9":0,"10":0,"11":0,"12":2,"13":0,"14":2,"15":2,"16":0,"17":2,"18":0,"19":0,"20":1,"21":0,"22":0,"23":0},"b":{"1":[0,0],"2":[0,0]},"f":{"1":2,"2":1,"3":0,"4":0,"5":0,"6":0,"7":0,"8":0},"fnMap":{"1":{"name":"(anonymous_1)","line":2,"loc":{"start":{"line":2,"column":17},"end":{"line":2,"column":41}}},"2":{"name":"(anonymous_2)","line":7,"loc":{"start":{"line":7,"column":14},"end":{"line":7,"column":33}}},"3":{"name":"(anonymous_3)","line":15,"loc":{"start":{"line":15,"column":19},"end":{"line":15,"column":38}}},"4":{"name":"(anonymous_4)","line":27,"loc":{"start":{"line":27,"column":8},"end":{"line":27,"column":27}}},"5":{"name":"(anonymous_5)","line":42,"loc":{"start":{"line":42,"column":20},"end":{"line":42,"column":39}}},"6":{"name":"(anonymous_6)","line":59,"loc":{"start":{"line":59,"column":33},"end":{"line":59,"column":52}}},"7":{"name":"(anonymous_7)","line":68,"loc":{"start":{"line":68,"column":20},"end":{"line":68,"column":39}}},"8":{"name":"isLoggedIn","line":75,"loc":{"start":{"line":75,"column":0},"end":{"line":75,"column":36}}}},"statementMap":{"1":{"start":{"line":2,"column":0},"end":{"line":72,"column":2}},"2":{"start":{"line":7,"column":1},"end":{"line":9,"column":4}},"3":{"start":{"line":8,"column":2},"end":{"line":8,"column":26}},"4":{"start":{"line":15,"column":1},"end":{"line":19,"column":4}},"5":{"start":{"line":18,"column":2},"end":{"line":18,"column":66}},"6":{"start":{"line":22,"column":1},"end":{"line":36,"column":7}},"7":{"start":{"line":28,"column":12},"end":{"line":28,"column":33}},"8":{"start":{"line":30,"column":12},"end":{"line":34,"column":13}},"9":{"start":{"line":31,"column":14},"end":{"line":31,"column":56}},"10":{"start":{"line":33,"column":14},"end":{"line":33,"column":49}},"11":{"start":{"line":35,"column":8},"end":{"line":35,"column":26}},"12":{"start":{"line":42,"column":1},"end":{"line":45,"column":4}},"13":{"start":{"line":44,"column":2},"end":{"line":44,"column":68}},"14":{"start":{"line":48,"column":1},"end":{"line":52,"column":5}},"15":{"start":{"line":59,"column":1},"end":{"line":63,"column":4}},"16":{"start":{"line":60,"column":2},"end":{"line":62,"column":5}},"17":{"start":{"line":68,"column":1},"end":{"line":71,"column":4}},"18":{"start":{"line":69,"column":2},"end":{"line":69,"column":15}},"19":{"start":{"line":70,"column":2},"end":{"line":70,"column":20}},"20":{"start":{"line":75,"column":0},"end":{"line":83,"column":1}},"21":{"start":{"line":78,"column":1},"end":{"line":79,"column":16}},"22":{"start":{"line":79,"column":2},"end":{"line":79,"column":16}},"23":{"start":{"line":82,"column":1},"end":{"line":82,"column":19}}},"branchMap":{"1":{"line":30,"type":"if","locations":[{"start":{"line":30,"column":12},"end":{"line":30,"column":12}},{"start":{"line":30,"column":12},"end":{"line":30,"column":12}}]},"2":{"line":78,"type":"if","locations":[{"start":{"line":78,"column":1},"end":{"line":78,"column":1}},{"start":{"line":78,"column":1},"end":{"line":78,"column":1}}]}}}}