TN:
SF:/Users/davidmongiello/Desktop/bonis/Bonis/server.js
FN:5,makeServer
FNF:1
FNH:1
FNDA:2,makeServer
DA:5,1
DA:6,2
DA:7,2
DA:8,2
DA:9,2
DA:11,2
DA:12,2
DA:14,2
DA:15,2
DA:16,2
DA:17,2
DA:23,2
DA:29,2
DA:30,2
DA:33,2
DA:35,2
DA:38,2
DA:43,2
DA:44,2
DA:45,2
DA:48,2
DA:51,2
DA:54,2
DA:56,2
LF:24
LH:24
BRDA:12,1,0,2
BRDA:12,1,1,2
BRF:2
BRH:2
end_of_record
TN:
SF:/Users/davidmongiello/Desktop/bonis/Bonis/config/passport.js
FN:14,(anonymous_1)
FN:23,(anonymous_2)
FN:28,(anonymous_3)
FN:29,(anonymous_4)
FN:48,(anonymous_5)
FN:51,(anonymous_6)
FN:66,(anonymous_7)
FN:90,(anonymous_8)
FN:91,(anonymous_9)
FNF:9
FNH:1
FNDA:2,(anonymous_1)
FNDA:0,(anonymous_2)
FNDA:0,(anonymous_3)
FNDA:0,(anonymous_4)
FNDA:0,(anonymous_5)
FNDA:0,(anonymous_6)
FNDA:0,(anonymous_7)
FNDA:0,(anonymous_8)
FNDA:0,(anonymous_9)
DA:4,1
DA:7,1
DA:8,1
DA:9,1
DA:10,1
DA:12,1
DA:14,1
DA:23,2
DA:24,0
DA:28,2
DA:29,0
DA:30,0
DA:40,2
DA:51,0
DA:52,0
DA:53,0
DA:54,0
DA:55,0
DA:59,0
DA:64,0
DA:66,0
DA:67,0
DA:69,0
DA:82,2
DA:91,0
DA:92,0
DA:93,0
DA:94,0
DA:95,0
DA:99,0
DA:100,0
DA:103,0
LF:32
LH:11
BRDA:52,1,0,0
BRDA:52,1,1,0
BRDA:54,2,0,0
BRDA:54,2,1,0
BRDA:92,3,0,0
BRDA:92,3,1,0
BRDA:94,4,0,0
BRDA:94,4,1,0
BRDA:99,5,0,0
BRDA:99,5,1,0
BRF:10
BRH:0
end_of_record
TN:
SF:/Users/davidmongiello/Desktop/bonis/Bonis/config/database.js
FNF:0
FNH:0
DA:2,1
LF:1
LH:1
BRF:0
BRH:0
end_of_record
TN:
SF:/Users/davidmongiello/Desktop/bonis/Bonis/app/routes.js
FN:2,(anonymous_1)
FN:7,(anonymous_2)
FN:15,(anonymous_3)
FN:27,(anonymous_4)
FN:42,(anonymous_5)
FN:59,(anonymous_6)
FN:68,(anonymous_7)
FN:75,isLoggedIn
FNF:8
FNH:2
FNDA:2,(anonymous_1)
FNDA:1,(anonymous_2)
FNDA:0,(anonymous_3)
FNDA:0,(anonymous_4)
FNDA:0,(anonymous_5)
FNDA:0,(anonymous_6)
FNDA:0,(anonymous_7)
FNDA:0,isLoggedIn
DA:2,1
DA:7,2
DA:8,1
DA:15,2
DA:18,0
DA:22,2
DA:28,0
DA:30,0
DA:31,0
DA:33,0
DA:35,0
DA:42,2
DA:44,0
DA:48,2
DA:59,2
DA:60,0
DA:68,2
DA:69,0
DA:70,0
DA:75,1
DA:78,0
DA:79,0
DA:82,0
LF:23
LH:10
BRDA:30,1,0,0
BRDA:30,1,1,0
BRDA:78,2,0,0
BRDA:78,2,1,0
BRF:4
BRH:0
end_of_record
