TN:
SF:/Users/davidmongiello/Desktop/This might be better/node-express-passport-mysql/server.js
FNF:0
FNH:0
DA:5,1
DA:6,1
DA:7,1
DA:8,1
DA:9,1
DA:10,1
DA:11,1
DA:13,1
DA:14,1
DA:19,1
DA:24,1
DA:25,1
DA:26,1
DA:29,1
DA:31,1
DA:34,1
DA:39,1
DA:40,1
DA:41,1
DA:45,1
DA:48,1
DA:49,1
LF:22
LH:22
BRDA:11,1,0,1
BRDA:11,1,1,1
BRF:2
BRH:2
end_of_record
TN:
SF:/Users/davidmongiello/Desktop/This might be better/node-express-passport-mysql/config/passport.js
FN:14,(anonymous_1)
FN:23,(anonymous_2)
FN:28,(anonymous_3)
FN:29,(anonymous_4)
FN:48,(anonymous_5)
FN:51,(anonymous_6)
FN:66,(anonymous_7)
FN:90,(anonymous_8)
FN:91,(anonymous_9)
FNF:9
FNH:1
FNDA:1,(anonymous_1)
FNDA:0,(anonymous_2)
FNDA:0,(anonymous_3)
FNDA:0,(anonymous_4)
FNDA:0,(anonymous_5)
FNDA:0,(anonymous_6)
FNDA:0,(anonymous_7)
FNDA:0,(anonymous_8)
FNDA:0,(anonymous_9)
DA:4,1
DA:7,1
DA:8,1
DA:9,1
DA:10,1
DA:12,1
DA:14,1
DA:23,1
DA:24,0
DA:28,1
DA:29,0
DA:30,0
DA:40,1
DA:51,0
DA:52,0
DA:53,0
DA:54,0
DA:55,0
DA:59,0
DA:64,0
DA:66,0
DA:67,0
DA:69,0
DA:82,1
DA:91,0
DA:92,0
DA:93,0
DA:94,0
DA:95,0
DA:99,0
DA:100,0
DA:103,0
LF:32
LH:11
BRDA:52,1,0,0
BRDA:52,1,1,0
BRDA:54,2,0,0
BRDA:54,2,1,0
BRDA:92,3,0,0
BRDA:92,3,1,0
BRDA:94,4,0,0
BRDA:94,4,1,0
BRDA:99,5,0,0
BRDA:99,5,1,0
BRF:10
BRH:0
end_of_record
TN:
SF:/Users/davidmongiello/Desktop/This might be better/node-express-passport-mysql/config/database.js
FNF:0
FNH:0
DA:2,1
LF:1
LH:1
BRF:0
BRH:0
end_of_record
TN:
SF:/Users/davidmongiello/Desktop/This might be better/node-express-passport-mysql/app/routes.js
FN:2,(anonymous_1)
FN:7,(anonymous_2)
FN:15,(anonymous_3)
FN:27,(anonymous_4)
FN:42,(anonymous_5)
FN:59,(anonymous_6)
FN:68,(anonymous_7)
FN:75,isLoggedIn
FNF:8
FNH:1
FNDA:1,(anonymous_1)
FNDA:0,(anonymous_2)
FNDA:0,(anonymous_3)
FNDA:0,(anonymous_4)
FNDA:0,(anonymous_5)
FNDA:0,(anonymous_6)
FNDA:0,(anonymous_7)
FNDA:0,isLoggedIn
DA:2,1
DA:7,1
DA:8,0
DA:15,1
DA:18,0
DA:22,1
DA:28,0
DA:30,0
DA:31,0
DA:33,0
DA:35,0
DA:42,1
DA:44,0
DA:48,1
DA:59,1
DA:60,0
DA:68,1
DA:69,0
DA:70,0
DA:75,1
DA:78,0
DA:79,0
DA:82,0
LF:23
LH:9
BRDA:30,1,0,0
BRDA:30,1,1,0
BRDA:78,2,0,0
BRDA:78,2,1,0
BRF:4
BRH:0
end_of_record
